ERROR - 2023-07-17 04:41:52 --> mysqli_sql_exception: Table 'bar.primera' doesn't exist in C:\xampp\htdocs\restobar\system\Database\MySQLi\Connection.php:295
Stack trace:
#0 C:\xampp\htdocs\restobar\system\Database\MySQLi\Connection.php(295): mysqli->query('SELECT *\nFROM `...', 0)
#1 C:\xampp\htdocs\restobar\system\Database\BaseConnection.php(692): CodeIgniter\Database\MySQLi\Connection->execute('SELECT *\nFROM `...')
#2 C:\xampp\htdocs\restobar\system\Database\BaseConnection.php(606): CodeIgniter\Database\BaseConnection->simpleQuery('SELECT *\nFROM `...')
#3 C:\xampp\htdocs\restobar\system\Database\BaseBuilder.php(1616): CodeIgniter\Database\BaseConnection->query('SELECT *\nFROM `...', Array, false)
#4 C:\xampp\htdocs\restobar\system\Model.php(241): CodeIgniter\Database\BaseBuilder->get()
#5 C:\xampp\htdocs\restobar\system\BaseModel.php(618): CodeIgniter\Model->doFindAll(0, 0)
#6 C:\xampp\htdocs\restobar\app\Models\AlumnoModel.php(13): CodeIgniter\BaseModel->findAll()
#7 C:\xampp\htdocs\restobar\app\Controllers\AlumnoController.php(10): App\Models\AlumnoModel->getAlumnos()
#8 C:\xampp\htdocs\restobar\system\CodeIgniter.php(934): App\Controllers\AlumnoController->index()
#9 C:\xampp\htdocs\restobar\system\CodeIgniter.php(499): CodeIgniter\CodeIgniter->runController(Object(App\Controllers\AlumnoController))
#10 C:\xampp\htdocs\restobar\system\CodeIgniter.php(368): CodeIgniter\CodeIgniter->handleRequest(NULL, Object(Config\Cache), false)
#11 C:\xampp\htdocs\restobar\public\index.php(67): CodeIgniter\CodeIgniter->run()
#12 {main}
CRITICAL - 2023-07-17 04:41:52 --> Table 'bar.primera' doesn't exist
in SYSTEMPATH\Database\MySQLi\Connection.php on line 295.
 1 SYSTEMPATH\Database\MySQLi\Connection.php(295): mysqli->query('SELECT *
FROM `primera`', 0)
 2 SYSTEMPATH\Database\BaseConnection.php(692): CodeIgniter\Database\MySQLi\Connection->execute('SELECT *
FROM `primera`')
 3 SYSTEMPATH\Database\BaseConnection.php(606): CodeIgniter\Database\BaseConnection->simpleQuery('SELECT *
FROM `primera`')
 4 SYSTEMPATH\Database\BaseBuilder.php(1616): CodeIgniter\Database\BaseConnection->query('SELECT *
FROM `primera`', [], false)
 5 SYSTEMPATH\Model.php(241): CodeIgniter\Database\BaseBuilder->get()
 6 SYSTEMPATH\BaseModel.php(618): CodeIgniter\Model->doFindAll(0, 0)
 7 APPPATH\Models\AlumnoModel.php(13): CodeIgniter\BaseModel->findAll()
 8 APPPATH\Controllers\AlumnoController.php(10): App\Models\AlumnoModel->getAlumnos()
 9 SYSTEMPATH\CodeIgniter.php(934): App\Controllers\AlumnoController->index()
10 SYSTEMPATH\CodeIgniter.php(499): CodeIgniter\CodeIgniter->runController(Object(App\Controllers\AlumnoController))
11 SYSTEMPATH\CodeIgniter.php(368): CodeIgniter\CodeIgniter->handleRequest(null, Object(Config\Cache), false)
12 FCPATH\index.php(67): CodeIgniter\CodeIgniter->run()
ERROR - 2023-07-17 04:42:04 --> mysqli_sql_exception: Table 'bar.primera' doesn't exist in C:\xampp\htdocs\restobar\system\Database\MySQLi\Connection.php:295
Stack trace:
#0 C:\xampp\htdocs\restobar\system\Database\MySQLi\Connection.php(295): mysqli->query('SELECT *\nFROM `...', 0)
#1 C:\xampp\htdocs\restobar\system\Database\BaseConnection.php(692): CodeIgniter\Database\MySQLi\Connection->execute('SELECT *\nFROM `...')
#2 C:\xampp\htdocs\restobar\system\Database\BaseConnection.php(606): CodeIgniter\Database\BaseConnection->simpleQuery('SELECT *\nFROM `...')
#3 C:\xampp\htdocs\restobar\system\Database\BaseBuilder.php(1616): CodeIgniter\Database\BaseConnection->query('SELECT *\nFROM `...', Array, false)
#4 C:\xampp\htdocs\restobar\system\Model.php(241): CodeIgniter\Database\BaseBuilder->get()
#5 C:\xampp\htdocs\restobar\system\BaseModel.php(618): CodeIgniter\Model->doFindAll(0, 0)
#6 C:\xampp\htdocs\restobar\app\Models\AlumnoModel.php(13): CodeIgniter\BaseModel->findAll()
#7 C:\xampp\htdocs\restobar\app\Controllers\AlumnoController.php(10): App\Models\AlumnoModel->getAlumnos()
#8 C:\xampp\htdocs\restobar\system\CodeIgniter.php(934): App\Controllers\AlumnoController->index()
#9 C:\xampp\htdocs\restobar\system\CodeIgniter.php(499): CodeIgniter\CodeIgniter->runController(Object(App\Controllers\AlumnoController))
#10 C:\xampp\htdocs\restobar\system\CodeIgniter.php(368): CodeIgniter\CodeIgniter->handleRequest(NULL, Object(Config\Cache), false)
#11 C:\xampp\htdocs\restobar\public\index.php(67): CodeIgniter\CodeIgniter->run()
#12 {main}
CRITICAL - 2023-07-17 04:42:04 --> Table 'bar.primera' doesn't exist
in SYSTEMPATH\Database\MySQLi\Connection.php on line 295.
 1 SYSTEMPATH\Database\MySQLi\Connection.php(295): mysqli->query('SELECT *
FROM `primera`', 0)
 2 SYSTEMPATH\Database\BaseConnection.php(692): CodeIgniter\Database\MySQLi\Connection->execute('SELECT *
FROM `primera`')
 3 SYSTEMPATH\Database\BaseConnection.php(606): CodeIgniter\Database\BaseConnection->simpleQuery('SELECT *
FROM `primera`')
 4 SYSTEMPATH\Database\BaseBuilder.php(1616): CodeIgniter\Database\BaseConnection->query('SELECT *
FROM `primera`', [], false)
 5 SYSTEMPATH\Model.php(241): CodeIgniter\Database\BaseBuilder->get()
 6 SYSTEMPATH\BaseModel.php(618): CodeIgniter\Model->doFindAll(0, 0)
 7 APPPATH\Models\AlumnoModel.php(13): CodeIgniter\BaseModel->findAll()
 8 APPPATH\Controllers\AlumnoController.php(10): App\Models\AlumnoModel->getAlumnos()
 9 SYSTEMPATH\CodeIgniter.php(934): App\Controllers\AlumnoController->index()
10 SYSTEMPATH\CodeIgniter.php(499): CodeIgniter\CodeIgniter->runController(Object(App\Controllers\AlumnoController))
11 SYSTEMPATH\CodeIgniter.php(368): CodeIgniter\CodeIgniter->handleRequest(null, Object(Config\Cache), false)
12 FCPATH\index.php(67): CodeIgniter\CodeIgniter->run()
ERROR - 2023-07-17 04:42:17 --> mysqli_sql_exception: Table 'bar.primera' doesn't exist in C:\xampp\htdocs\restobar\system\Database\MySQLi\Connection.php:295
Stack trace:
#0 C:\xampp\htdocs\restobar\system\Database\MySQLi\Connection.php(295): mysqli->query('SELECT *\nFROM `...', 0)
#1 C:\xampp\htdocs\restobar\system\Database\BaseConnection.php(692): CodeIgniter\Database\MySQLi\Connection->execute('SELECT *\nFROM `...')
#2 C:\xampp\htdocs\restobar\system\Database\BaseConnection.php(606): CodeIgniter\Database\BaseConnection->simpleQuery('SELECT *\nFROM `...')
#3 C:\xampp\htdocs\restobar\system\Database\BaseBuilder.php(1616): CodeIgniter\Database\BaseConnection->query('SELECT *\nFROM `...', Array, false)
#4 C:\xampp\htdocs\restobar\system\Model.php(241): CodeIgniter\Database\BaseBuilder->get()
#5 C:\xampp\htdocs\restobar\system\BaseModel.php(618): CodeIgniter\Model->doFindAll(0, 0)
#6 C:\xampp\htdocs\restobar\app\Models\AlumnoModel.php(13): CodeIgniter\BaseModel->findAll()
#7 C:\xampp\htdocs\restobar\app\Controllers\AlumnoController.php(10): App\Models\AlumnoModel->getAlumnos()
#8 C:\xampp\htdocs\restobar\system\CodeIgniter.php(934): App\Controllers\AlumnoController->index()
#9 C:\xampp\htdocs\restobar\system\CodeIgniter.php(499): CodeIgniter\CodeIgniter->runController(Object(App\Controllers\AlumnoController))
#10 C:\xampp\htdocs\restobar\system\CodeIgniter.php(368): CodeIgniter\CodeIgniter->handleRequest(NULL, Object(Config\Cache), false)
#11 C:\xampp\htdocs\restobar\public\index.php(67): CodeIgniter\CodeIgniter->run()
#12 {main}
CRITICAL - 2023-07-17 04:42:17 --> Table 'bar.primera' doesn't exist
in SYSTEMPATH\Database\MySQLi\Connection.php on line 295.
 1 SYSTEMPATH\Database\MySQLi\Connection.php(295): mysqli->query('SELECT *
FROM `primera`', 0)
 2 SYSTEMPATH\Database\BaseConnection.php(692): CodeIgniter\Database\MySQLi\Connection->execute('SELECT *
FROM `primera`')
 3 SYSTEMPATH\Database\BaseConnection.php(606): CodeIgniter\Database\BaseConnection->simpleQuery('SELECT *
FROM `primera`')
 4 SYSTEMPATH\Database\BaseBuilder.php(1616): CodeIgniter\Database\BaseConnection->query('SELECT *
FROM `primera`', [], false)
 5 SYSTEMPATH\Model.php(241): CodeIgniter\Database\BaseBuilder->get()
 6 SYSTEMPATH\BaseModel.php(618): CodeIgniter\Model->doFindAll(0, 0)
 7 APPPATH\Models\AlumnoModel.php(13): CodeIgniter\BaseModel->findAll()
 8 APPPATH\Controllers\AlumnoController.php(10): App\Models\AlumnoModel->getAlumnos()
 9 SYSTEMPATH\CodeIgniter.php(934): App\Controllers\AlumnoController->index()
10 SYSTEMPATH\CodeIgniter.php(499): CodeIgniter\CodeIgniter->runController(Object(App\Controllers\AlumnoController))
11 SYSTEMPATH\CodeIgniter.php(368): CodeIgniter\CodeIgniter->handleRequest(null, Object(Config\Cache), false)
12 FCPATH\index.php(67): CodeIgniter\CodeIgniter->run()
ERROR - 2023-07-17 04:43:00 --> mysqli_sql_exception: Table 'bar.primera' doesn't exist in C:\xampp\htdocs\restobar\system\Database\MySQLi\Connection.php:295
Stack trace:
#0 C:\xampp\htdocs\restobar\system\Database\MySQLi\Connection.php(295): mysqli->query('SELECT *\nFROM `...', 0)
#1 C:\xampp\htdocs\restobar\system\Database\BaseConnection.php(692): CodeIgniter\Database\MySQLi\Connection->execute('SELECT *\nFROM `...')
#2 C:\xampp\htdocs\restobar\system\Database\BaseConnection.php(606): CodeIgniter\Database\BaseConnection->simpleQuery('SELECT *\nFROM `...')
#3 C:\xampp\htdocs\restobar\system\Database\BaseBuilder.php(1616): CodeIgniter\Database\BaseConnection->query('SELECT *\nFROM `...', Array, false)
#4 C:\xampp\htdocs\restobar\system\Model.php(241): CodeIgniter\Database\BaseBuilder->get()
#5 C:\xampp\htdocs\restobar\system\BaseModel.php(618): CodeIgniter\Model->doFindAll(0, 0)
#6 C:\xampp\htdocs\restobar\app\Models\AlumnoModel.php(13): CodeIgniter\BaseModel->findAll()
#7 C:\xampp\htdocs\restobar\app\Controllers\AlumnoController.php(10): App\Models\AlumnoModel->getAlumnos()
#8 C:\xampp\htdocs\restobar\system\CodeIgniter.php(934): App\Controllers\AlumnoController->index()
#9 C:\xampp\htdocs\restobar\system\CodeIgniter.php(499): CodeIgniter\CodeIgniter->runController(Object(App\Controllers\AlumnoController))
#10 C:\xampp\htdocs\restobar\system\CodeIgniter.php(368): CodeIgniter\CodeIgniter->handleRequest(NULL, Object(Config\Cache), false)
#11 C:\xampp\htdocs\restobar\public\index.php(67): CodeIgniter\CodeIgniter->run()
#12 {main}
CRITICAL - 2023-07-17 04:43:00 --> Table 'bar.primera' doesn't exist
in SYSTEMPATH\Database\MySQLi\Connection.php on line 295.
 1 SYSTEMPATH\Database\MySQLi\Connection.php(295): mysqli->query('SELECT *
FROM `primera`', 0)
 2 SYSTEMPATH\Database\BaseConnection.php(692): CodeIgniter\Database\MySQLi\Connection->execute('SELECT *
FROM `primera`')
 3 SYSTEMPATH\Database\BaseConnection.php(606): CodeIgniter\Database\BaseConnection->simpleQuery('SELECT *
FROM `primera`')
 4 SYSTEMPATH\Database\BaseBuilder.php(1616): CodeIgniter\Database\BaseConnection->query('SELECT *
FROM `primera`', [], false)
 5 SYSTEMPATH\Model.php(241): CodeIgniter\Database\BaseBuilder->get()
 6 SYSTEMPATH\BaseModel.php(618): CodeIgniter\Model->doFindAll(0, 0)
 7 APPPATH\Models\AlumnoModel.php(13): CodeIgniter\BaseModel->findAll()
 8 APPPATH\Controllers\AlumnoController.php(10): App\Models\AlumnoModel->getAlumnos()
 9 SYSTEMPATH\CodeIgniter.php(934): App\Controllers\AlumnoController->index()
10 SYSTEMPATH\CodeIgniter.php(499): CodeIgniter\CodeIgniter->runController(Object(App\Controllers\AlumnoController))
11 SYSTEMPATH\CodeIgniter.php(368): CodeIgniter\CodeIgniter->handleRequest(null, Object(Config\Cache), false)
12 FCPATH\index.php(67): CodeIgniter\CodeIgniter->run()
CRITICAL - 2023-07-17 04:53:49 --> Undefined variable $router
in APPPATH\Config\Routes.php on line 50.
 1 APPPATH\Config\Routes.php(50): CodeIgniter\Debug\Exceptions->errorHandler(2, 'Undefined variable $router', 'C:\\xampp\\htdocs\\restobar\\app\\Config\\Routes.php', 50)
 2 SYSTEMPATH\Router\RouteCollection.php(267): require('C:\\xampp\\htdocs\\restobar\\app\\Config\\Routes.php')
 3 SYSTEMPATH\CodeIgniter.php(802): CodeIgniter\Router\RouteCollection->loadRoutes()
 4 SYSTEMPATH\CodeIgniter.php(449): CodeIgniter\CodeIgniter->tryToRouteIt(null)
 5 SYSTEMPATH\CodeIgniter.php(368): CodeIgniter\CodeIgniter->handleRequest(null, Object(Config\Cache), false)
 6 FCPATH\index.php(67): CodeIgniter\CodeIgniter->run()
ERROR - 2023-07-17 04:55:43 --> mysqli_sql_exception: Unknown column 'orden.id_orden' in 'on clause' in C:\xampp\htdocs\restobar\system\Database\MySQLi\Connection.php:295
Stack trace:
#0 C:\xampp\htdocs\restobar\system\Database\MySQLi\Connection.php(295): mysqli->query('SELECT *\nFROM `...', 0)
#1 C:\xampp\htdocs\restobar\system\Database\BaseConnection.php(692): CodeIgniter\Database\MySQLi\Connection->execute('SELECT *\nFROM `...')
#2 C:\xampp\htdocs\restobar\system\Database\BaseConnection.php(606): CodeIgniter\Database\BaseConnection->simpleQuery('SELECT *\nFROM `...')
#3 C:\xampp\htdocs\restobar\system\Database\BaseBuilder.php(1616): CodeIgniter\Database\BaseConnection->query('SELECT *\nFROM `...', Array, false)
#4 C:\xampp\htdocs\restobar\app\Models\barModelo.php(17): CodeIgniter\Database\BaseBuilder->get()
#5 C:\xampp\htdocs\restobar\app\Controllers\barControlador.php(14): App\Models\BarModelo->obtenerOrdenes()
#6 C:\xampp\htdocs\restobar\system\CodeIgniter.php(934): App\Controllers\BarControlador->index()
#7 C:\xampp\htdocs\restobar\system\CodeIgniter.php(499): CodeIgniter\CodeIgniter->runController(Object(App\Controllers\BarControlador))
#8 C:\xampp\htdocs\restobar\system\CodeIgniter.php(368): CodeIgniter\CodeIgniter->handleRequest(NULL, Object(Config\Cache), false)
#9 C:\xampp\htdocs\restobar\public\index.php(67): CodeIgniter\CodeIgniter->run()
#10 {main}
CRITICAL - 2023-07-17 04:55:43 --> Unknown column 'orden.id_orden' in 'on clause'
in SYSTEMPATH\Database\MySQLi\Connection.php on line 295.
 1 SYSTEMPATH\Database\MySQLi\Connection.php(295): mysqli->query('SELECT *
FROM `ordenes`
JOIN `detalleorden` ON `orden`.`id_orden` = `drtalleorden`.`id_orden`', 0)
 2 SYSTEMPATH\Database\BaseConnection.php(692): CodeIgniter\Database\MySQLi\Connection->execute('SELECT *
FROM `ordenes`
JOIN `detalleorden` ON `orden`.`id_orden` = `drtalleorden`.`id_orden`')
 3 SYSTEMPATH\Database\BaseConnection.php(606): CodeIgniter\Database\BaseConnection->simpleQuery('SELECT *
FROM `ordenes`
JOIN `detalleorden` ON `orden`.`id_orden` = `drtalleorden`.`id_orden`')
 4 SYSTEMPATH\Database\BaseBuilder.php(1616): CodeIgniter\Database\BaseConnection->query('SELECT *
FROM `ordenes`
JOIN `detalleorden` ON `orden`.`id_orden` = `drtalleorden`.`id_orden`', [], false)
 5 APPPATH\Models\barModelo.php(17): CodeIgniter\Database\BaseBuilder->get()
 6 APPPATH\Controllers\barControlador.php(14): App\Models\BarModelo->obtenerOrdenes()
 7 SYSTEMPATH\CodeIgniter.php(934): App\Controllers\BarControlador->index()
 8 SYSTEMPATH\CodeIgniter.php(499): CodeIgniter\CodeIgniter->runController(Object(App\Controllers\BarControlador))
 9 SYSTEMPATH\CodeIgniter.php(368): CodeIgniter\CodeIgniter->handleRequest(null, Object(Config\Cache), false)
10 FCPATH\index.php(67): CodeIgniter\CodeIgniter->run()
ERROR - 2023-07-17 04:58:24 --> mysqli_sql_exception: Unknown column 'ordenes.id_orden' in 'on clause' in C:\xampp\htdocs\restobar\system\Database\MySQLi\Connection.php:295
Stack trace:
#0 C:\xampp\htdocs\restobar\system\Database\MySQLi\Connection.php(295): mysqli->query('SELECT *\nFROM `...', 0)
#1 C:\xampp\htdocs\restobar\system\Database\BaseConnection.php(692): CodeIgniter\Database\MySQLi\Connection->execute('SELECT *\nFROM `...')
#2 C:\xampp\htdocs\restobar\system\Database\BaseConnection.php(606): CodeIgniter\Database\BaseConnection->simpleQuery('SELECT *\nFROM `...')
#3 C:\xampp\htdocs\restobar\system\Database\BaseBuilder.php(1616): CodeIgniter\Database\BaseConnection->query('SELECT *\nFROM `...', Array, false)
#4 C:\xampp\htdocs\restobar\app\Models\barModelo.php(17): CodeIgniter\Database\BaseBuilder->get()
#5 C:\xampp\htdocs\restobar\app\Controllers\barControlador.php(14): App\Models\BarModelo->obtenerOrdenes()
#6 C:\xampp\htdocs\restobar\system\CodeIgniter.php(934): App\Controllers\BarControlador->index()
#7 C:\xampp\htdocs\restobar\system\CodeIgniter.php(499): CodeIgniter\CodeIgniter->runController(Object(App\Controllers\BarControlador))
#8 C:\xampp\htdocs\restobar\system\CodeIgniter.php(368): CodeIgniter\CodeIgniter->handleRequest(NULL, Object(Config\Cache), false)
#9 C:\xampp\htdocs\restobar\public\index.php(67): CodeIgniter\CodeIgniter->run()
#10 {main}
CRITICAL - 2023-07-17 04:58:24 --> Unknown column 'ordenes.id_orden' in 'on clause'
in SYSTEMPATH\Database\MySQLi\Connection.php on line 295.
 1 SYSTEMPATH\Database\MySQLi\Connection.php(295): mysqli->query('SELECT *
FROM `ordenes`
JOIN `detalleorden` ON `ordenes`.`id_orden` = `drtalleorden`.`id_orden`', 0)
 2 SYSTEMPATH\Database\BaseConnection.php(692): CodeIgniter\Database\MySQLi\Connection->execute('SELECT *
FROM `ordenes`
JOIN `detalleorden` ON `ordenes`.`id_orden` = `drtalleorden`.`id_orden`')
 3 SYSTEMPATH\Database\BaseConnection.php(606): CodeIgniter\Database\BaseConnection->simpleQuery('SELECT *
FROM `ordenes`
JOIN `detalleorden` ON `ordenes`.`id_orden` = `drtalleorden`.`id_orden`')
 4 SYSTEMPATH\Database\BaseBuilder.php(1616): CodeIgniter\Database\BaseConnection->query('SELECT *
FROM `ordenes`
JOIN `detalleorden` ON `ordenes`.`id_orden` = `drtalleorden`.`id_orden`', [], false)
 5 APPPATH\Models\barModelo.php(17): CodeIgniter\Database\BaseBuilder->get()
 6 APPPATH\Controllers\barControlador.php(14): App\Models\BarModelo->obtenerOrdenes()
 7 SYSTEMPATH\CodeIgniter.php(934): App\Controllers\BarControlador->index()
 8 SYSTEMPATH\CodeIgniter.php(499): CodeIgniter\CodeIgniter->runController(Object(App\Controllers\BarControlador))
 9 SYSTEMPATH\CodeIgniter.php(368): CodeIgniter\CodeIgniter->handleRequest(null, Object(Config\Cache), false)
10 FCPATH\index.php(67): CodeIgniter\CodeIgniter->run()
ERROR - 2023-07-17 04:58:58 --> mysqli_sql_exception: Unknown column 'drtalleorden.id_orden' in 'on clause' in C:\xampp\htdocs\restobar\system\Database\MySQLi\Connection.php:295
Stack trace:
#0 C:\xampp\htdocs\restobar\system\Database\MySQLi\Connection.php(295): mysqli->query('SELECT *\nFROM `...', 0)
#1 C:\xampp\htdocs\restobar\system\Database\BaseConnection.php(692): CodeIgniter\Database\MySQLi\Connection->execute('SELECT *\nFROM `...')
#2 C:\xampp\htdocs\restobar\system\Database\BaseConnection.php(606): CodeIgniter\Database\BaseConnection->simpleQuery('SELECT *\nFROM `...')
#3 C:\xampp\htdocs\restobar\system\Database\BaseBuilder.php(1616): CodeIgniter\Database\BaseConnection->query('SELECT *\nFROM `...', Array, false)
#4 C:\xampp\htdocs\restobar\app\Models\barModelo.php(17): CodeIgniter\Database\BaseBuilder->get()
#5 C:\xampp\htdocs\restobar\app\Controllers\barControlador.php(14): App\Models\BarModelo->obtenerOrdenes()
#6 C:\xampp\htdocs\restobar\system\CodeIgniter.php(934): App\Controllers\BarControlador->index()
#7 C:\xampp\htdocs\restobar\system\CodeIgniter.php(499): CodeIgniter\CodeIgniter->runController(Object(App\Controllers\BarControlador))
#8 C:\xampp\htdocs\restobar\system\CodeIgniter.php(368): CodeIgniter\CodeIgniter->handleRequest(NULL, Object(Config\Cache), false)
#9 C:\xampp\htdocs\restobar\public\index.php(67): CodeIgniter\CodeIgniter->run()
#10 {main}
CRITICAL - 2023-07-17 04:58:58 --> Unknown column 'drtalleorden.id_orden' in 'on clause'
in SYSTEMPATH\Database\MySQLi\Connection.php on line 295.
 1 SYSTEMPATH\Database\MySQLi\Connection.php(295): mysqli->query('SELECT *
FROM `ordenes`
JOIN `detalleorden` ON `ordenes`.`id_ordenes` = `drtalleorden`.`id_orden`', 0)
 2 SYSTEMPATH\Database\BaseConnection.php(692): CodeIgniter\Database\MySQLi\Connection->execute('SELECT *
FROM `ordenes`
JOIN `detalleorden` ON `ordenes`.`id_ordenes` = `drtalleorden`.`id_orden`')
 3 SYSTEMPATH\Database\BaseConnection.php(606): CodeIgniter\Database\BaseConnection->simpleQuery('SELECT *
FROM `ordenes`
JOIN `detalleorden` ON `ordenes`.`id_ordenes` = `drtalleorden`.`id_orden`')
 4 SYSTEMPATH\Database\BaseBuilder.php(1616): CodeIgniter\Database\BaseConnection->query('SELECT *
FROM `ordenes`
JOIN `detalleorden` ON `ordenes`.`id_ordenes` = `drtalleorden`.`id_orden`', [], false)
 5 APPPATH\Models\barModelo.php(17): CodeIgniter\Database\BaseBuilder->get()
 6 APPPATH\Controllers\barControlador.php(14): App\Models\BarModelo->obtenerOrdenes()
 7 SYSTEMPATH\CodeIgniter.php(934): App\Controllers\BarControlador->index()
 8 SYSTEMPATH\CodeIgniter.php(499): CodeIgniter\CodeIgniter->runController(Object(App\Controllers\BarControlador))
 9 SYSTEMPATH\CodeIgniter.php(368): CodeIgniter\CodeIgniter->handleRequest(null, Object(Config\Cache), false)
10 FCPATH\index.php(67): CodeIgniter\CodeIgniter->run()
ERROR - 2023-07-17 04:59:26 --> mysqli_sql_exception: Unknown column 'detalleorden.id_ordenes' in 'on clause' in C:\xampp\htdocs\restobar\system\Database\MySQLi\Connection.php:295
Stack trace:
#0 C:\xampp\htdocs\restobar\system\Database\MySQLi\Connection.php(295): mysqli->query('SELECT *\nFROM `...', 0)
#1 C:\xampp\htdocs\restobar\system\Database\BaseConnection.php(692): CodeIgniter\Database\MySQLi\Connection->execute('SELECT *\nFROM `...')
#2 C:\xampp\htdocs\restobar\system\Database\BaseConnection.php(606): CodeIgniter\Database\BaseConnection->simpleQuery('SELECT *\nFROM `...')
#3 C:\xampp\htdocs\restobar\system\Database\BaseBuilder.php(1616): CodeIgniter\Database\BaseConnection->query('SELECT *\nFROM `...', Array, false)
#4 C:\xampp\htdocs\restobar\app\Models\barModelo.php(17): CodeIgniter\Database\BaseBuilder->get()
#5 C:\xampp\htdocs\restobar\app\Controllers\barControlador.php(14): App\Models\BarModelo->obtenerOrdenes()
#6 C:\xampp\htdocs\restobar\system\CodeIgniter.php(934): App\Controllers\BarControlador->index()
#7 C:\xampp\htdocs\restobar\system\CodeIgniter.php(499): CodeIgniter\CodeIgniter->runController(Object(App\Controllers\BarControlador))
#8 C:\xampp\htdocs\restobar\system\CodeIgniter.php(368): CodeIgniter\CodeIgniter->handleRequest(NULL, Object(Config\Cache), false)
#9 C:\xampp\htdocs\restobar\public\index.php(67): CodeIgniter\CodeIgniter->run()
#10 {main}
CRITICAL - 2023-07-17 04:59:26 --> Unknown column 'detalleorden.id_ordenes' in 'on clause'
in SYSTEMPATH\Database\MySQLi\Connection.php on line 295.
 1 SYSTEMPATH\Database\MySQLi\Connection.php(295): mysqli->query('SELECT *
FROM `ordenes`
JOIN `detalleorden` ON `ordenes`.`id_ordenes` = `detalleorden`.`id_ordenes`', 0)
 2 SYSTEMPATH\Database\BaseConnection.php(692): CodeIgniter\Database\MySQLi\Connection->execute('SELECT *
FROM `ordenes`
JOIN `detalleorden` ON `ordenes`.`id_ordenes` = `detalleorden`.`id_ordenes`')
 3 SYSTEMPATH\Database\BaseConnection.php(606): CodeIgniter\Database\BaseConnection->simpleQuery('SELECT *
FROM `ordenes`
JOIN `detalleorden` ON `ordenes`.`id_ordenes` = `detalleorden`.`id_ordenes`')
 4 SYSTEMPATH\Database\BaseBuilder.php(1616): CodeIgniter\Database\BaseConnection->query('SELECT *
FROM `ordenes`
JOIN `detalleorden` ON `ordenes`.`id_ordenes` = `detalleorden`.`id_ordenes`', [], false)
 5 APPPATH\Models\barModelo.php(17): CodeIgniter\Database\BaseBuilder->get()
 6 APPPATH\Controllers\barControlador.php(14): App\Models\BarModelo->obtenerOrdenes()
 7 SYSTEMPATH\CodeIgniter.php(934): App\Controllers\BarControlador->index()
 8 SYSTEMPATH\CodeIgniter.php(499): CodeIgniter\CodeIgniter->runController(Object(App\Controllers\BarControlador))
 9 SYSTEMPATH\CodeIgniter.php(368): CodeIgniter\CodeIgniter->handleRequest(null, Object(Config\Cache), false)
10 FCPATH\index.php(67): CodeIgniter\CodeIgniter->run()
ERROR - 2023-07-17 05:19:44 --> mysqli_sql_exception: Unknown column 'detalleorden.id_ordenes' in 'on clause' in C:\xampp\htdocs\restobar\system\Database\MySQLi\Connection.php:295
Stack trace:
#0 C:\xampp\htdocs\restobar\system\Database\MySQLi\Connection.php(295): mysqli->query('SELECT *\nFROM `...', 0)
#1 C:\xampp\htdocs\restobar\system\Database\BaseConnection.php(692): CodeIgniter\Database\MySQLi\Connection->execute('SELECT *\nFROM `...')
#2 C:\xampp\htdocs\restobar\system\Database\BaseConnection.php(606): CodeIgniter\Database\BaseConnection->simpleQuery('SELECT *\nFROM `...')
#3 C:\xampp\htdocs\restobar\system\Database\BaseBuilder.php(1616): CodeIgniter\Database\BaseConnection->query('SELECT *\nFROM `...', Array, false)
#4 C:\xampp\htdocs\restobar\app\Models\barModelo.php(17): CodeIgniter\Database\BaseBuilder->get()
#5 C:\xampp\htdocs\restobar\app\Controllers\barControlador.php(14): App\Models\BarModelo->obtenerOrdenes()
#6 C:\xampp\htdocs\restobar\system\CodeIgniter.php(934): App\Controllers\BarControlador->index()
#7 C:\xampp\htdocs\restobar\system\CodeIgniter.php(499): CodeIgniter\CodeIgniter->runController(Object(App\Controllers\BarControlador))
#8 C:\xampp\htdocs\restobar\system\CodeIgniter.php(368): CodeIgniter\CodeIgniter->handleRequest(NULL, Object(Config\Cache), false)
#9 C:\xampp\htdocs\restobar\public\index.php(67): CodeIgniter\CodeIgniter->run()
#10 {main}
CRITICAL - 2023-07-17 05:19:44 --> Unknown column 'detalleorden.id_ordenes' in 'on clause'
in SYSTEMPATH\Database\MySQLi\Connection.php on line 295.
 1 SYSTEMPATH\Database\MySQLi\Connection.php(295): mysqli->query('SELECT *
FROM `ordenes`
JOIN `detalleorden` ON `ordenes`.`id_ordenes` = `detalleorden`.`id_ordenes`', 0)
 2 SYSTEMPATH\Database\BaseConnection.php(692): CodeIgniter\Database\MySQLi\Connection->execute('SELECT *
FROM `ordenes`
JOIN `detalleorden` ON `ordenes`.`id_ordenes` = `detalleorden`.`id_ordenes`')
 3 SYSTEMPATH\Database\BaseConnection.php(606): CodeIgniter\Database\BaseConnection->simpleQuery('SELECT *
FROM `ordenes`
JOIN `detalleorden` ON `ordenes`.`id_ordenes` = `detalleorden`.`id_ordenes`')
 4 SYSTEMPATH\Database\BaseBuilder.php(1616): CodeIgniter\Database\BaseConnection->query('SELECT *
FROM `ordenes`
JOIN `detalleorden` ON `ordenes`.`id_ordenes` = `detalleorden`.`id_ordenes`', [], false)
 5 APPPATH\Models\barModelo.php(17): CodeIgniter\Database\BaseBuilder->get()
 6 APPPATH\Controllers\barControlador.php(14): App\Models\BarModelo->obtenerOrdenes()
 7 SYSTEMPATH\CodeIgniter.php(934): App\Controllers\BarControlador->index()
 8 SYSTEMPATH\CodeIgniter.php(499): CodeIgniter\CodeIgniter->runController(Object(App\Controllers\BarControlador))
 9 SYSTEMPATH\CodeIgniter.php(368): CodeIgniter\CodeIgniter->handleRequest(null, Object(Config\Cache), false)
10 FCPATH\index.php(67): CodeIgniter\CodeIgniter->run()
ERROR - 2023-07-17 05:20:23 --> mysqli_sql_exception: Unknown column 'detalleorden.id_ordenes' in 'on clause' in C:\xampp\htdocs\restobar\system\Database\MySQLi\Connection.php:295
Stack trace:
#0 C:\xampp\htdocs\restobar\system\Database\MySQLi\Connection.php(295): mysqli->query('SELECT *\nFROM `...', 0)
#1 C:\xampp\htdocs\restobar\system\Database\BaseConnection.php(692): CodeIgniter\Database\MySQLi\Connection->execute('SELECT *\nFROM `...')
#2 C:\xampp\htdocs\restobar\system\Database\BaseConnection.php(606): CodeIgniter\Database\BaseConnection->simpleQuery('SELECT *\nFROM `...')
#3 C:\xampp\htdocs\restobar\system\Database\BaseBuilder.php(1616): CodeIgniter\Database\BaseConnection->query('SELECT *\nFROM `...', Array, false)
#4 C:\xampp\htdocs\restobar\app\Models\barModelo.php(17): CodeIgniter\Database\BaseBuilder->get()
#5 C:\xampp\htdocs\restobar\app\Controllers\barControlador.php(14): App\Models\BarModelo->obtenerOrdenes()
#6 C:\xampp\htdocs\restobar\system\CodeIgniter.php(934): App\Controllers\BarControlador->index()
#7 C:\xampp\htdocs\restobar\system\CodeIgniter.php(499): CodeIgniter\CodeIgniter->runController(Object(App\Controllers\BarControlador))
#8 C:\xampp\htdocs\restobar\system\CodeIgniter.php(368): CodeIgniter\CodeIgniter->handleRequest(NULL, Object(Config\Cache), false)
#9 C:\xampp\htdocs\restobar\public\index.php(67): CodeIgniter\CodeIgniter->run()
#10 {main}
CRITICAL - 2023-07-17 05:20:23 --> Unknown column 'detalleorden.id_ordenes' in 'on clause'
in SYSTEMPATH\Database\MySQLi\Connection.php on line 295.
 1 SYSTEMPATH\Database\MySQLi\Connection.php(295): mysqli->query('SELECT *
FROM `ordenes`
JOIN `detalleorden` ON `ordenes`.`id_ordenes` = `detalleorden`.`id_ordenes`', 0)
 2 SYSTEMPATH\Database\BaseConnection.php(692): CodeIgniter\Database\MySQLi\Connection->execute('SELECT *
FROM `ordenes`
JOIN `detalleorden` ON `ordenes`.`id_ordenes` = `detalleorden`.`id_ordenes`')
 3 SYSTEMPATH\Database\BaseConnection.php(606): CodeIgniter\Database\BaseConnection->simpleQuery('SELECT *
FROM `ordenes`
JOIN `detalleorden` ON `ordenes`.`id_ordenes` = `detalleorden`.`id_ordenes`')
 4 SYSTEMPATH\Database\BaseBuilder.php(1616): CodeIgniter\Database\BaseConnection->query('SELECT *
FROM `ordenes`
JOIN `detalleorden` ON `ordenes`.`id_ordenes` = `detalleorden`.`id_ordenes`', [], false)
 5 APPPATH\Models\barModelo.php(17): CodeIgniter\Database\BaseBuilder->get()
 6 APPPATH\Controllers\barControlador.php(14): App\Models\BarModelo->obtenerOrdenes()
 7 SYSTEMPATH\CodeIgniter.php(934): App\Controllers\BarControlador->index()
 8 SYSTEMPATH\CodeIgniter.php(499): CodeIgniter\CodeIgniter->runController(Object(App\Controllers\BarControlador))
 9 SYSTEMPATH\CodeIgniter.php(368): CodeIgniter\CodeIgniter->handleRequest(null, Object(Config\Cache), false)
10 FCPATH\index.php(67): CodeIgniter\CodeIgniter->run()
ERROR - 2023-07-17 15:10:57 --> mysqli_sql_exception: Unknown column 'ordenes.id_ordenes' in 'on clause' in C:\xampp\htdocs\restobar\system\Database\MySQLi\Connection.php:295
Stack trace:
#0 C:\xampp\htdocs\restobar\system\Database\MySQLi\Connection.php(295): mysqli->query('SELECT *\nFROM `...', 0)
#1 C:\xampp\htdocs\restobar\system\Database\BaseConnection.php(692): CodeIgniter\Database\MySQLi\Connection->execute('SELECT *\nFROM `...')
#2 C:\xampp\htdocs\restobar\system\Database\BaseConnection.php(606): CodeIgniter\Database\BaseConnection->simpleQuery('SELECT *\nFROM `...')
#3 C:\xampp\htdocs\restobar\system\Database\BaseBuilder.php(1616): CodeIgniter\Database\BaseConnection->query('SELECT *\nFROM `...', Array, false)
#4 C:\xampp\htdocs\restobar\app\Models\barModelo.php(17): CodeIgniter\Database\BaseBuilder->get()
#5 C:\xampp\htdocs\restobar\app\Controllers\barControlador.php(14): App\Models\BarModelo->obtenerOrdenes()
#6 C:\xampp\htdocs\restobar\system\CodeIgniter.php(934): App\Controllers\BarControlador->index()
#7 C:\xampp\htdocs\restobar\system\CodeIgniter.php(499): CodeIgniter\CodeIgniter->runController(Object(App\Controllers\BarControlador))
#8 C:\xampp\htdocs\restobar\system\CodeIgniter.php(368): CodeIgniter\CodeIgniter->handleRequest(NULL, Object(Config\Cache), false)
#9 C:\xampp\htdocs\restobar\public\index.php(67): CodeIgniter\CodeIgniter->run()
#10 {main}
CRITICAL - 2023-07-17 15:10:58 --> Unknown column 'ordenes.id_ordenes' in 'on clause'
in SYSTEMPATH\Database\MySQLi\Connection.php on line 295.
 1 SYSTEMPATH\Database\MySQLi\Connection.php(295): mysqli->query('SELECT *
FROM `ordenes`
JOIN `detalleorden` ON `ordenes`.`id_ordenes` = `detalleorden`.`id_ordenes`', 0)
 2 SYSTEMPATH\Database\BaseConnection.php(692): CodeIgniter\Database\MySQLi\Connection->execute('SELECT *
FROM `ordenes`
JOIN `detalleorden` ON `ordenes`.`id_ordenes` = `detalleorden`.`id_ordenes`')
 3 SYSTEMPATH\Database\BaseConnection.php(606): CodeIgniter\Database\BaseConnection->simpleQuery('SELECT *
FROM `ordenes`
JOIN `detalleorden` ON `ordenes`.`id_ordenes` = `detalleorden`.`id_ordenes`')
 4 SYSTEMPATH\Database\BaseBuilder.php(1616): CodeIgniter\Database\BaseConnection->query('SELECT *
FROM `ordenes`
JOIN `detalleorden` ON `ordenes`.`id_ordenes` = `detalleorden`.`id_ordenes`', [], false)
 5 APPPATH\Models\barModelo.php(17): CodeIgniter\Database\BaseBuilder->get()
 6 APPPATH\Controllers\barControlador.php(14): App\Models\BarModelo->obtenerOrdenes()
 7 SYSTEMPATH\CodeIgniter.php(934): App\Controllers\BarControlador->index()
 8 SYSTEMPATH\CodeIgniter.php(499): CodeIgniter\CodeIgniter->runController(Object(App\Controllers\BarControlador))
 9 SYSTEMPATH\CodeIgniter.php(368): CodeIgniter\CodeIgniter->handleRequest(null, Object(Config\Cache), false)
10 FCPATH\index.php(67): CodeIgniter\CodeIgniter->run()
ERROR - 2023-07-17 15:12:13 --> mysqli_sql_exception: Unknown column 'ordenes.id_ordenes' in 'on clause' in C:\xampp\htdocs\restobar\system\Database\MySQLi\Connection.php:295
Stack trace:
#0 C:\xampp\htdocs\restobar\system\Database\MySQLi\Connection.php(295): mysqli->query('SELECT *\nFROM `...', 0)
#1 C:\xampp\htdocs\restobar\system\Database\BaseConnection.php(692): CodeIgniter\Database\MySQLi\Connection->execute('SELECT *\nFROM `...')
#2 C:\xampp\htdocs\restobar\system\Database\BaseConnection.php(606): CodeIgniter\Database\BaseConnection->simpleQuery('SELECT *\nFROM `...')
#3 C:\xampp\htdocs\restobar\system\Database\BaseBuilder.php(1616): CodeIgniter\Database\BaseConnection->query('SELECT *\nFROM `...', Array, false)
#4 C:\xampp\htdocs\restobar\app\Models\barModelo.php(17): CodeIgniter\Database\BaseBuilder->get()
#5 C:\xampp\htdocs\restobar\app\Controllers\barControlador.php(14): App\Models\BarModelo->obtenerOrdenes()
#6 C:\xampp\htdocs\restobar\system\CodeIgniter.php(934): App\Controllers\BarControlador->index()
#7 C:\xampp\htdocs\restobar\system\CodeIgniter.php(499): CodeIgniter\CodeIgniter->runController(Object(App\Controllers\BarControlador))
#8 C:\xampp\htdocs\restobar\system\CodeIgniter.php(368): CodeIgniter\CodeIgniter->handleRequest(NULL, Object(Config\Cache), false)
#9 C:\xampp\htdocs\restobar\public\index.php(67): CodeIgniter\CodeIgniter->run()
#10 {main}
CRITICAL - 2023-07-17 15:12:13 --> Unknown column 'ordenes.id_ordenes' in 'on clause'
in SYSTEMPATH\Database\MySQLi\Connection.php on line 295.
 1 SYSTEMPATH\Database\MySQLi\Connection.php(295): mysqli->query('SELECT *
FROM `ordenes`
JOIN `detalleorden` ON `ordenes`.`id_ordenes` = `detalleorden`.`id_ordenes`', 0)
 2 SYSTEMPATH\Database\BaseConnection.php(692): CodeIgniter\Database\MySQLi\Connection->execute('SELECT *
FROM `ordenes`
JOIN `detalleorden` ON `ordenes`.`id_ordenes` = `detalleorden`.`id_ordenes`')
 3 SYSTEMPATH\Database\BaseConnection.php(606): CodeIgniter\Database\BaseConnection->simpleQuery('SELECT *
FROM `ordenes`
JOIN `detalleorden` ON `ordenes`.`id_ordenes` = `detalleorden`.`id_ordenes`')
 4 SYSTEMPATH\Database\BaseBuilder.php(1616): CodeIgniter\Database\BaseConnection->query('SELECT *
FROM `ordenes`
JOIN `detalleorden` ON `ordenes`.`id_ordenes` = `detalleorden`.`id_ordenes`', [], false)
 5 APPPATH\Models\barModelo.php(17): CodeIgniter\Database\BaseBuilder->get()
 6 APPPATH\Controllers\barControlador.php(14): App\Models\BarModelo->obtenerOrdenes()
 7 SYSTEMPATH\CodeIgniter.php(934): App\Controllers\BarControlador->index()
 8 SYSTEMPATH\CodeIgniter.php(499): CodeIgniter\CodeIgniter->runController(Object(App\Controllers\BarControlador))
 9 SYSTEMPATH\CodeIgniter.php(368): CodeIgniter\CodeIgniter->handleRequest(null, Object(Config\Cache), false)
10 FCPATH\index.php(67): CodeIgniter\CodeIgniter->run()
