ERROR - 2023-09-04 22:03:46 --> mysqli_sql_exception: Column 'nombre' cannot be null in C:\xampp\htdocs\resto-Bar\system\Database\MySQLi\Connection.php:295
Stack trace:
#0 C:\xampp\htdocs\resto-Bar\system\Database\MySQLi\Connection.php(295): mysqli->query('INSERT INTO `us...', 0)
#1 C:\xampp\htdocs\resto-Bar\system\Database\BaseConnection.php(692): CodeIgniter\Database\MySQLi\Connection->execute('INSERT INTO `us...')
#2 C:\xampp\htdocs\resto-Bar\system\Database\BaseConnection.php(606): CodeIgniter\Database\BaseConnection->simpleQuery('INSERT INTO `us...')
#3 C:\xampp\htdocs\resto-Bar\system\Database\BaseBuilder.php(2309): CodeIgniter\Database\BaseConnection->query('INSERT INTO `us...', Array, false)
#4 C:\xampp\htdocs\resto-Bar\system\Model.php(330): CodeIgniter\Database\BaseBuilder->insert()
#5 C:\xampp\htdocs\resto-Bar\system\BaseModel.php(782): CodeIgniter\Model->doInsert(Array)
#6 C:\xampp\htdocs\resto-Bar\system\Model.php(730): CodeIgniter\BaseModel->insert(Array, true)
#7 C:\xampp\htdocs\resto-Bar\app\Controllers\RegisterControlador.php(27): CodeIgniter\Model->insert(Array)
#8 C:\xampp\htdocs\resto-Bar\system\CodeIgniter.php(934): App\Controllers\registerControlador->registrarse()
#9 C:\xampp\htdocs\resto-Bar\system\CodeIgniter.php(499): CodeIgniter\CodeIgniter->runController(Object(App\Controllers\registerControlador))
#10 C:\xampp\htdocs\resto-Bar\system\CodeIgniter.php(368): CodeIgniter\CodeIgniter->handleRequest(NULL, Object(Config\Cache), false)
#11 C:\xampp\htdocs\resto-Bar\public\index.php(67): CodeIgniter\CodeIgniter->run()
#12 {main}
CRITICAL - 2023-09-04 22:03:46 --> Column 'nombre' cannot be null
in SYSTEMPATH\Database\MySQLi\Connection.php on line 295.
 1 SYSTEMPATH\Database\MySQLi\Connection.php(295): mysqli->query('INSERT INTO `usuarios` (`nombre`, `email`, `contrasena`) VALUES (NULL, \'holafsda@gmail.com\', \'$2y$10$.f3XihlCuRvWY1Oyn0x.SemViyCMZssHgMfAi/VUeJ6eEDGbFFdXm\')', 0)
 2 SYSTEMPATH\Database\BaseConnection.php(692): CodeIgniter\Database\MySQLi\Connection->execute('INSERT INTO `usuarios` (`nombre`, `email`, `contrasena`) VALUES (NULL, \'holafsda@gmail.com\', \'$2y$10$.f3XihlCuRvWY1Oyn0x.SemViyCMZssHgMfAi/VUeJ6eEDGbFFdXm\')')
 3 SYSTEMPATH\Database\BaseConnection.php(606): CodeIgniter\Database\BaseConnection->simpleQuery('INSERT INTO `usuarios` (`nombre`, `email`, `contrasena`) VALUES (NULL, \'holafsda@gmail.com\', \'$2y$10$.f3XihlCuRvWY1Oyn0x.SemViyCMZssHgMfAi/VUeJ6eEDGbFFdXm\')')
 4 SYSTEMPATH\Database\BaseBuilder.php(2309): CodeIgniter\Database\BaseConnection->query('INSERT INTO `usuarios` (`nombre`, `email`, `contrasena`) VALUES (:nombre:, :email:, :contrasena:)', [...], false)
 5 SYSTEMPATH\Model.php(330): CodeIgniter\Database\BaseBuilder->insert()
 6 SYSTEMPATH\BaseModel.php(782): CodeIgniter\Model->doInsert([...])
 7 SYSTEMPATH\Model.php(730): CodeIgniter\BaseModel->insert([...], true)
 8 APPPATH\Controllers\RegisterControlador.php(27): CodeIgniter\Model->insert([...])
 9 SYSTEMPATH\CodeIgniter.php(934): App\Controllers\registerControlador->registrarse()
10 SYSTEMPATH\CodeIgniter.php(499): CodeIgniter\CodeIgniter->runController(Object(App\Controllers\registerControlador))
11 SYSTEMPATH\CodeIgniter.php(368): CodeIgniter\CodeIgniter->handleRequest(null, Object(Config\Cache), false)
12 FCPATH\index.php(67): CodeIgniter\CodeIgniter->run()
ERROR - 2023-09-04 22:05:29 --> mysqli_sql_exception: Column 'nombre' cannot be null in C:\xampp\htdocs\resto-Bar\system\Database\MySQLi\Connection.php:295
Stack trace:
#0 C:\xampp\htdocs\resto-Bar\system\Database\MySQLi\Connection.php(295): mysqli->query('INSERT INTO `us...', 0)
#1 C:\xampp\htdocs\resto-Bar\system\Database\BaseConnection.php(692): CodeIgniter\Database\MySQLi\Connection->execute('INSERT INTO `us...')
#2 C:\xampp\htdocs\resto-Bar\system\Database\BaseConnection.php(606): CodeIgniter\Database\BaseConnection->simpleQuery('INSERT INTO `us...')
#3 C:\xampp\htdocs\resto-Bar\system\Database\BaseBuilder.php(2309): CodeIgniter\Database\BaseConnection->query('INSERT INTO `us...', Array, false)
#4 C:\xampp\htdocs\resto-Bar\system\Model.php(330): CodeIgniter\Database\BaseBuilder->insert()
#5 C:\xampp\htdocs\resto-Bar\system\BaseModel.php(782): CodeIgniter\Model->doInsert(Array)
#6 C:\xampp\htdocs\resto-Bar\system\Model.php(730): CodeIgniter\BaseModel->insert(Array, true)
#7 C:\xampp\htdocs\resto-Bar\app\Controllers\RegisterControlador.php(27): CodeIgniter\Model->insert(Array)
#8 C:\xampp\htdocs\resto-Bar\system\CodeIgniter.php(934): App\Controllers\registerControlador->registrarse()
#9 C:\xampp\htdocs\resto-Bar\system\CodeIgniter.php(499): CodeIgniter\CodeIgniter->runController(Object(App\Controllers\registerControlador))
#10 C:\xampp\htdocs\resto-Bar\system\CodeIgniter.php(368): CodeIgniter\CodeIgniter->handleRequest(NULL, Object(Config\Cache), false)
#11 C:\xampp\htdocs\resto-Bar\public\index.php(67): CodeIgniter\CodeIgniter->run()
#12 {main}
CRITICAL - 2023-09-04 22:05:29 --> Column 'nombre' cannot be null
in SYSTEMPATH\Database\MySQLi\Connection.php on line 295.
 1 SYSTEMPATH\Database\MySQLi\Connection.php(295): mysqli->query('INSERT INTO `usuarios` (`nombre`, `email`, `contrasena`) VALUES (NULL, \'holafsda@gmail.com\', \'$2y$10$OGgX7IQmsIGfW6thvXnB6uanz.4msMTFdVFWCOZnNWfw.fB4nmn1O\')', 0)
 2 SYSTEMPATH\Database\BaseConnection.php(692): CodeIgniter\Database\MySQLi\Connection->execute('INSERT INTO `usuarios` (`nombre`, `email`, `contrasena`) VALUES (NULL, \'holafsda@gmail.com\', \'$2y$10$OGgX7IQmsIGfW6thvXnB6uanz.4msMTFdVFWCOZnNWfw.fB4nmn1O\')')
 3 SYSTEMPATH\Database\BaseConnection.php(606): CodeIgniter\Database\BaseConnection->simpleQuery('INSERT INTO `usuarios` (`nombre`, `email`, `contrasena`) VALUES (NULL, \'holafsda@gmail.com\', \'$2y$10$OGgX7IQmsIGfW6thvXnB6uanz.4msMTFdVFWCOZnNWfw.fB4nmn1O\')')
 4 SYSTEMPATH\Database\BaseBuilder.php(2309): CodeIgniter\Database\BaseConnection->query('INSERT INTO `usuarios` (`nombre`, `email`, `contrasena`) VALUES (:nombre:, :email:, :contrasena:)', [...], false)
 5 SYSTEMPATH\Model.php(330): CodeIgniter\Database\BaseBuilder->insert()
 6 SYSTEMPATH\BaseModel.php(782): CodeIgniter\Model->doInsert([...])
 7 SYSTEMPATH\Model.php(730): CodeIgniter\BaseModel->insert([...], true)
 8 APPPATH\Controllers\RegisterControlador.php(27): CodeIgniter\Model->insert([...])
 9 SYSTEMPATH\CodeIgniter.php(934): App\Controllers\registerControlador->registrarse()
10 SYSTEMPATH\CodeIgniter.php(499): CodeIgniter\CodeIgniter->runController(Object(App\Controllers\registerControlador))
11 SYSTEMPATH\CodeIgniter.php(368): CodeIgniter\CodeIgniter->handleRequest(null, Object(Config\Cache), false)
12 FCPATH\index.php(67): CodeIgniter\CodeIgniter->run()
ERROR - 2023-09-04 22:05:53 --> mysqli_sql_exception: Column 'nombre' cannot be null in C:\xampp\htdocs\resto-Bar\system\Database\MySQLi\Connection.php:295
Stack trace:
#0 C:\xampp\htdocs\resto-Bar\system\Database\MySQLi\Connection.php(295): mysqli->query('INSERT INTO `us...', 0)
#1 C:\xampp\htdocs\resto-Bar\system\Database\BaseConnection.php(692): CodeIgniter\Database\MySQLi\Connection->execute('INSERT INTO `us...')
#2 C:\xampp\htdocs\resto-Bar\system\Database\BaseConnection.php(606): CodeIgniter\Database\BaseConnection->simpleQuery('INSERT INTO `us...')
#3 C:\xampp\htdocs\resto-Bar\system\Database\BaseBuilder.php(2309): CodeIgniter\Database\BaseConnection->query('INSERT INTO `us...', Array, false)
#4 C:\xampp\htdocs\resto-Bar\system\Model.php(330): CodeIgniter\Database\BaseBuilder->insert()
#5 C:\xampp\htdocs\resto-Bar\system\BaseModel.php(782): CodeIgniter\Model->doInsert(Array)
#6 C:\xampp\htdocs\resto-Bar\system\Model.php(730): CodeIgniter\BaseModel->insert(Array, true)
#7 C:\xampp\htdocs\resto-Bar\app\Controllers\RegisterControlador.php(27): CodeIgniter\Model->insert(Array)
#8 C:\xampp\htdocs\resto-Bar\system\CodeIgniter.php(934): App\Controllers\registerControlador->registrarse()
#9 C:\xampp\htdocs\resto-Bar\system\CodeIgniter.php(499): CodeIgniter\CodeIgniter->runController(Object(App\Controllers\registerControlador))
#10 C:\xampp\htdocs\resto-Bar\system\CodeIgniter.php(368): CodeIgniter\CodeIgniter->handleRequest(NULL, Object(Config\Cache), false)
#11 C:\xampp\htdocs\resto-Bar\public\index.php(67): CodeIgniter\CodeIgniter->run()
#12 {main}
CRITICAL - 2023-09-04 22:05:53 --> Column 'nombre' cannot be null
in SYSTEMPATH\Database\MySQLi\Connection.php on line 295.
 1 SYSTEMPATH\Database\MySQLi\Connection.php(295): mysqli->query('INSERT INTO `usuarios` (`nombre`, `email`, `contrasena`) VALUES (NULL, \'holafsda@gmail.com\', \'$2y$10$v0mwc8kFiUoBK7Uml/ZFAes5.xt654J.UE9O7AcqIsCxUjV6.CHwC\')', 0)
 2 SYSTEMPATH\Database\BaseConnection.php(692): CodeIgniter\Database\MySQLi\Connection->execute('INSERT INTO `usuarios` (`nombre`, `email`, `contrasena`) VALUES (NULL, \'holafsda@gmail.com\', \'$2y$10$v0mwc8kFiUoBK7Uml/ZFAes5.xt654J.UE9O7AcqIsCxUjV6.CHwC\')')
 3 SYSTEMPATH\Database\BaseConnection.php(606): CodeIgniter\Database\BaseConnection->simpleQuery('INSERT INTO `usuarios` (`nombre`, `email`, `contrasena`) VALUES (NULL, \'holafsda@gmail.com\', \'$2y$10$v0mwc8kFiUoBK7Uml/ZFAes5.xt654J.UE9O7AcqIsCxUjV6.CHwC\')')
 4 SYSTEMPATH\Database\BaseBuilder.php(2309): CodeIgniter\Database\BaseConnection->query('INSERT INTO `usuarios` (`nombre`, `email`, `contrasena`) VALUES (:nombre:, :email:, :contrasena:)', [...], false)
 5 SYSTEMPATH\Model.php(330): CodeIgniter\Database\BaseBuilder->insert()
 6 SYSTEMPATH\BaseModel.php(782): CodeIgniter\Model->doInsert([...])
 7 SYSTEMPATH\Model.php(730): CodeIgniter\BaseModel->insert([...], true)
 8 APPPATH\Controllers\RegisterControlador.php(27): CodeIgniter\Model->insert([...])
 9 SYSTEMPATH\CodeIgniter.php(934): App\Controllers\registerControlador->registrarse()
10 SYSTEMPATH\CodeIgniter.php(499): CodeIgniter\CodeIgniter->runController(Object(App\Controllers\registerControlador))
11 SYSTEMPATH\CodeIgniter.php(368): CodeIgniter\CodeIgniter->handleRequest(null, Object(Config\Cache), false)
12 FCPATH\index.php(67): CodeIgniter\CodeIgniter->run()
ERROR - 2023-09-04 22:08:35 --> mysqli_sql_exception: Column 'nombre' cannot be null in C:\xampp\htdocs\resto-Bar\system\Database\MySQLi\Connection.php:295
Stack trace:
#0 C:\xampp\htdocs\resto-Bar\system\Database\MySQLi\Connection.php(295): mysqli->query('INSERT INTO `us...', 0)
#1 C:\xampp\htdocs\resto-Bar\system\Database\BaseConnection.php(692): CodeIgniter\Database\MySQLi\Connection->execute('INSERT INTO `us...')
#2 C:\xampp\htdocs\resto-Bar\system\Database\BaseConnection.php(606): CodeIgniter\Database\BaseConnection->simpleQuery('INSERT INTO `us...')
#3 C:\xampp\htdocs\resto-Bar\system\Database\BaseBuilder.php(2309): CodeIgniter\Database\BaseConnection->query('INSERT INTO `us...', Array, false)
#4 C:\xampp\htdocs\resto-Bar\system\Model.php(330): CodeIgniter\Database\BaseBuilder->insert()
#5 C:\xampp\htdocs\resto-Bar\system\BaseModel.php(782): CodeIgniter\Model->doInsert(Array)
#6 C:\xampp\htdocs\resto-Bar\system\Model.php(730): CodeIgniter\BaseModel->insert(Array, true)
#7 C:\xampp\htdocs\resto-Bar\app\Controllers\RegisterControlador.php(27): CodeIgniter\Model->insert(Array)
#8 C:\xampp\htdocs\resto-Bar\system\CodeIgniter.php(934): App\Controllers\registerControlador->registrarse()
#9 C:\xampp\htdocs\resto-Bar\system\CodeIgniter.php(499): CodeIgniter\CodeIgniter->runController(Object(App\Controllers\registerControlador))
#10 C:\xampp\htdocs\resto-Bar\system\CodeIgniter.php(368): CodeIgniter\CodeIgniter->handleRequest(NULL, Object(Config\Cache), false)
#11 C:\xampp\htdocs\resto-Bar\public\index.php(67): CodeIgniter\CodeIgniter->run()
#12 {main}
CRITICAL - 2023-09-04 22:08:35 --> Column 'nombre' cannot be null
in SYSTEMPATH\Database\MySQLi\Connection.php on line 295.
 1 SYSTEMPATH\Database\MySQLi\Connection.php(295): mysqli->query('INSERT INTO `usuarios` (`nombre`, `email`, `contrasena`) VALUES (NULL, \'holafsda@gmail.com\', \'$2y$10$5diAXsB7.VT.hsc4QfDH2OVYa8sHxXI5t6bznxz7rf3xhkquBQTdK\')', 0)
 2 SYSTEMPATH\Database\BaseConnection.php(692): CodeIgniter\Database\MySQLi\Connection->execute('INSERT INTO `usuarios` (`nombre`, `email`, `contrasena`) VALUES (NULL, \'holafsda@gmail.com\', \'$2y$10$5diAXsB7.VT.hsc4QfDH2OVYa8sHxXI5t6bznxz7rf3xhkquBQTdK\')')
 3 SYSTEMPATH\Database\BaseConnection.php(606): CodeIgniter\Database\BaseConnection->simpleQuery('INSERT INTO `usuarios` (`nombre`, `email`, `contrasena`) VALUES (NULL, \'holafsda@gmail.com\', \'$2y$10$5diAXsB7.VT.hsc4QfDH2OVYa8sHxXI5t6bznxz7rf3xhkquBQTdK\')')
 4 SYSTEMPATH\Database\BaseBuilder.php(2309): CodeIgniter\Database\BaseConnection->query('INSERT INTO `usuarios` (`nombre`, `email`, `contrasena`) VALUES (:nombre:, :email:, :contrasena:)', [...], false)
 5 SYSTEMPATH\Model.php(330): CodeIgniter\Database\BaseBuilder->insert()
 6 SYSTEMPATH\BaseModel.php(782): CodeIgniter\Model->doInsert([...])
 7 SYSTEMPATH\Model.php(730): CodeIgniter\BaseModel->insert([...], true)
 8 APPPATH\Controllers\RegisterControlador.php(27): CodeIgniter\Model->insert([...])
 9 SYSTEMPATH\CodeIgniter.php(934): App\Controllers\registerControlador->registrarse()
10 SYSTEMPATH\CodeIgniter.php(499): CodeIgniter\CodeIgniter->runController(Object(App\Controllers\registerControlador))
11 SYSTEMPATH\CodeIgniter.php(368): CodeIgniter\CodeIgniter->handleRequest(null, Object(Config\Cache), false)
12 FCPATH\index.php(67): CodeIgniter\CodeIgniter->run()
